\BOOKMARK [0][-]{chapter*.2}{Daftar Gambar}{}% 1
\BOOKMARK [0][-]{chapter*.3}{Daftar Tabel}{}% 2
\BOOKMARK [0][-]{chapter*.4}{Kata Pengantar}{}% 3
\BOOKMARK [0][-]{chapter.1}{Memulai}{}% 4
\BOOKMARK [1][-]{section.1.1}{Katakan Hai}{chapter.1}% 5
\BOOKMARK [1][-]{section.1.2}{Sintak Dasar}{chapter.1}% 6
\BOOKMARK [2][-]{subsection.1.2.1}{Deklarasi Paket}{section.1.2}% 7
\BOOKMARK [2][-]{subsection.1.2.2}{Deklarasi Fungsi}{section.1.2}% 8
\BOOKMARK [2][-]{subsection.1.2.3}{Deklarasi Variabel}{section.1.2}% 9
\BOOKMARK [2][-]{subsection.1.2.4}{Deklarasi Komentar}{section.1.2}% 10
\BOOKMARK [1][-]{section.1.3}{Logat}{chapter.1}% 11
\BOOKMARK [2][-]{subsection.1.3.1}{Membuat Kelas Data}{section.1.3}% 12
\BOOKMARK [2][-]{subsection.1.3.2}{Nilai Default Untuk Parameter Fungsi}{section.1.3}% 13
\BOOKMARK [2][-]{subsection.1.3.3}{Interpolasi Teks}{section.1.3}% 14
\BOOKMARK [2][-]{subsection.1.3.4}{Pemeriksaan Instan}{section.1.3}% 15
\BOOKMARK [2][-]{subsection.1.3.5}{Penggunaan Range}{section.1.3}% 16
\BOOKMARK [2][-]{subsection.1.3.6}{Read-only List}{section.1.3}% 17
\BOOKMARK [2][-]{subsection.1.3.7}{Read-only Map dan Cara Mengaksesnya}{section.1.3}% 18
\BOOKMARK [2][-]{subsection.1.3.8}{Jalan Pintas Perintah if not null}{section.1.3}% 19
\BOOKMARK [2][-]{subsection.1.3.9}{Jalan Pintas Perintah if not null and else}{section.1.3}% 20
\BOOKMARK [2][-]{subsection.1.3.10}{Eksekusi Perintah if null}{section.1.3}% 21
\BOOKMARK [2][-]{subsection.1.3.11}{Eksekusi Perintah if not null}{section.1.3}% 22
\BOOKMARK [2][-]{subsection.1.3.12}{Kembalikan Pada Perintah when}{section.1.3}% 23
\BOOKMARK [2][-]{subsection.1.3.13}{Ekspresi try catch}{section.1.3}% 24
\BOOKMARK [2][-]{subsection.1.3.14}{Ekspresi if}{section.1.3}% 25
\BOOKMARK [1][-]{section.1.4}{Adat}{chapter.1}% 26
\BOOKMARK [0][-]{chapter.2}{Dasar-Dasar}{}% 27
\BOOKMARK [1][-]{section.2.1}{Tipe Data}{chapter.2}% 28
\BOOKMARK [2][-]{subsection.2.1.1}{Angka}{section.2.1}% 29
\BOOKMARK [2][-]{subsection.2.1.2}{Karakter}{section.2.1}% 30
\BOOKMARK [2][-]{subsection.2.1.3}{Boolean}{section.2.1}% 31
\BOOKMARK [2][-]{subsection.2.1.4}{Larik}{section.2.1}% 32
\BOOKMARK [2][-]{subsection.2.1.5}{String}{section.2.1}% 33
\BOOKMARK [1][-]{section.2.2}{Paket}{chapter.2}% 34
\BOOKMARK [1][-]{section.2.3}{Mengatur Alur}{chapter.2}% 35
\BOOKMARK [2][-]{subsection.2.3.1}{Ekspresi if}{section.2.3}% 36
\BOOKMARK [2][-]{subsection.2.3.2}{Ekspresi when}{section.2.3}% 37
\BOOKMARK [2][-]{subsection.2.3.3}{Ekspresi for}{section.2.3}% 38
\BOOKMARK [2][-]{subsection.2.3.4}{Ekspresi while}{section.2.3}% 39
\BOOKMARK [2][-]{subsection.2.3.5}{Ekspresi Loncat}{section.2.3}% 40
\BOOKMARK [0][-]{chapter.3}{Kelas dan Objek}{}% 41
\BOOKMARK [1][-]{section.3.1}{Kelas}{chapter.3}% 42
\BOOKMARK [2][-]{subsection.3.1.1}{Konstruktor}{section.3.1}% 43
\BOOKMARK [2][-]{subsection.3.1.2}{Pewarisan}{section.3.1}% 44
\BOOKMARK [2][-]{subsection.3.1.3}{Override Fungsi}{section.3.1}% 45
\BOOKMARK [2][-]{subsection.3.1.4}{Override variabel}{section.3.1}% 46
\BOOKMARK [2][-]{subsection.3.1.5}{Override rule}{section.3.1}% 47
\BOOKMARK [1][-]{section.3.2}{Properti}{chapter.3}% 48
\BOOKMARK [1][-]{section.3.3}{Interface}{chapter.3}% 49
\BOOKMARK [1][-]{section.3.4}{Visibility Modifiers}{chapter.3}% 50
\BOOKMARK [1][-]{section.3.5}{Ekstensi Fungsi}{chapter.3}% 51
\BOOKMARK [1][-]{section.3.6}{Kelas Data}{chapter.3}% 52
\BOOKMARK [1][-]{section.3.7}{Kelas Tertutup}{chapter.3}% 53
\BOOKMARK [1][-]{section.3.8}{Generik}{chapter.3}% 54
\BOOKMARK [1][-]{section.3.9}{Kelas Bersarang}{chapter.3}% 55
\BOOKMARK [1][-]{section.3.10}{Kelas Enum}{chapter.3}% 56
\BOOKMARK [1][-]{section.3.11}{Objek Ekspresi dan Deklarasi}{chapter.3}% 57
\BOOKMARK [1][-]{section.3.12}{Delegasi}{chapter.3}% 58
\BOOKMARK [1][-]{section.3.13}{Mendelegasikan Properti}{chapter.3}% 59
\BOOKMARK [2][-]{subsection.3.13.1}{lazy}{section.3.13}% 60
\BOOKMARK [2][-]{subsection.3.13.2}{observable}{section.3.13}% 61
\BOOKMARK [2][-]{subsection.3.13.3}{map}{section.3.13}% 62
\BOOKMARK [0][-]{chapter.4}{Fungsi dan Lamda}{}% 63
\BOOKMARK [1][-]{section.4.1}{Fungsi}{chapter.4}% 64
\BOOKMARK [2][-]{subsection.4.1.1}{Cara Penggunaan}{section.4.1}% 65
\BOOKMARK [2][-]{subsection.4.1.2}{Skup Fungsi}{section.4.1}% 66
\BOOKMARK [2][-]{subsection.4.1.3}{Fungsi Generik}{section.4.1}% 67
\BOOKMARK [2][-]{subsection.4.1.4}{Fungsi rekursif}{section.4.1}% 68
\BOOKMARK [1][-]{section.4.2}{Fungsi Higher-Order dan Lamda}{chapter.4}% 69
\BOOKMARK [1][-]{section.4.3}{Fungsi Dalam Baris}{chapter.4}% 70
\BOOKMARK [0][-]{chapter.5}{Java Interoperabilitas}{}% 71
\BOOKMARK [1][-]{section.5.1}{Gunakan Java di Kotlin}{chapter.5}% 72
\BOOKMARK [2][-]{subsection.5.1.1}{Fungsi Getter dan Setter}{section.5.1}% 73
\BOOKMARK [2][-]{subsection.5.1.2}{Nilai Kembalian void}{section.5.1}% 74
\BOOKMARK [2][-]{subsection.5.1.3}{Kata Kunci di Kotlin Jadi Nama Method di Java}{section.5.1}% 75
\BOOKMARK [2][-]{subsection.5.1.4}{Null-Safety}{section.5.1}% 76
\BOOKMARK [2][-]{subsection.5.1.5}{Persamaan Tipe Data}{section.5.1}% 77
\BOOKMARK [2][-]{subsection.5.1.6}{Java Generik}{section.5.1}% 78
\BOOKMARK [2][-]{subsection.5.1.7}{Larik Java}{section.5.1}% 79
\BOOKMARK [2][-]{subsection.5.1.8}{Varargs di Java}{section.5.1}% 80
\BOOKMARK [2][-]{subsection.5.1.9}{Pemeriksaan Exception}{section.5.1}% 81
\BOOKMARK [2][-]{subsection.5.1.10}{Method Kelas Objek di Java}{section.5.1}% 82
\BOOKMARK [2][-]{subsection.5.1.11}{Mengakses static}{section.5.1}% 83
\BOOKMARK [2][-]{subsection.5.1.12}{Java Reflection}{section.5.1}% 84
\BOOKMARK [1][-]{section.5.2}{Gunakan Kotlin di Java}{chapter.5}% 85
\BOOKMARK [2][-]{subsection.5.2.1}{Properti}{section.5.2}% 86
\BOOKMARK [2][-]{subsection.5.2.2}{Fungsi Pada Paket}{section.5.2}% 87
\BOOKMARK [2][-]{subsection.5.2.3}{Field Instan}{section.5.2}% 88
\BOOKMARK [2][-]{subsection.5.2.4}{Field Statis}{section.5.2}% 89
\BOOKMARK [2][-]{subsection.5.2.5}{Method Statis}{section.5.2}% 90
\BOOKMARK [2][-]{subsection.5.2.6}{Lingkup}{section.5.2}% 91
\BOOKMARK [2][-]{subsection.5.2.7}{KClass}{section.5.2}% 92
\BOOKMARK [2][-]{subsection.5.2.8}{Tangani Kesamaan Ciri dengan @JvmName}{section.5.2}% 93
\BOOKMARK [2][-]{subsection.5.2.9}{Pembentukan Overload}{section.5.2}% 94
\BOOKMARK [2][-]{subsection.5.2.10}{Pemeriksaan Exception}{section.5.2}% 95
\BOOKMARK [2][-]{subsection.5.2.11}{Null-safety}{section.5.2}% 96
\BOOKMARK [2][-]{subsection.5.2.12}{Generik}{section.5.2}% 97
\BOOKMARK [0][-]{chapter.6}{Perkakas}{}% 98
\BOOKMARK [1][-]{section.6.1}{Menggunakan Gradle}{chapter.6}% 99
\BOOKMARK [1][-]{section.6.2}{Menggunakan Maven}{chapter.6}% 100
\BOOKMARK [0][-]{chapter.7}{Contoh Kasus \040Aplikasi Chat}{}% 101
